<?xml version="1.0" encoding="utf-8"?><testsuite errors="0" failures="0" name="sphinx-gallery" skipped="0" tests="1" time="10.71964430809021"><testcase classname="plot_mea" file="../examples/plot_mea.py" line="1" name="Model Error Analysis on Boston house" time="10.71964430809021"></testcase></testsuite>