<?xml version="1.0" encoding="utf-8"?><testsuite errors="0" failures="0" name="sphinx-gallery" skipped="0" tests="2" time="12.351206064224243"><testcase classname="plot_mealy" file="../examples/plot_mealy.py" line="1" name="Model Error Analysis for the Boston houses dataset" time="2.174690008163452"></testcase><testcase classname="plot_mealy_pipeline" file="../examples/plot_mealy_pipeline.py" line="1" name="Model Error Analysis with scikit-learn Pipeline for the Adult income dataset" time="10.176516056060791"></testcase></testsuite>