<?xml version="1.0" encoding="utf-8"?><testsuite errors="0" failures="0" name="sphinx-gallery" skipped="0" tests="2" time="11.02348017692566"><testcase classname="plot_mealy" file="../examples/plot_mealy.py" line="1" name="Model Error Analysis for the Boston houses dataset" time="3.5882041454315186"></testcase><testcase classname="plot_mealy_pipeline" file="../examples/plot_mealy_pipeline.py" line="1" name="Model Error Analysis with scikit-learn Pipeline for the Adult income dataset" time="7.435276031494141"></testcase></testsuite>