<?xml version="1.0" encoding="utf-8"?><testsuite errors="0" failures="0" name="sphinx-gallery" skipped="0" tests="1" time="22.954617738723755"><testcase classname="plot_mea_pipeline" file="../examples/plot_mea_pipeline.py" line="1" name="Model Error Analysis with scikit-learn Pipeline for the Adult income dataset" time="22.954617738723755"></testcase></testsuite>