<?xml version="1.0" encoding="utf-8"?><testsuite errors="0" failures="0" name="sphinx-gallery" skipped="0" tests="1" time="6.619679927825928"><testcase classname="plot_mea" file="../examples/plot_mea.py" line="1" name="Model Error Analysis for the Boston houses dataset" time="6.619679927825928"></testcase></testsuite>