<?xml version="1.0" encoding="utf-8"?><testsuite errors="0" failures="0" name="sphinx-gallery" skipped="0" tests="2" time="26.937332153320312"><testcase classname="plot_mea" file="../examples/plot_mea.py" line="1" name="Model Error Analysis for the Boston houses dataset" time="3.8652679920196533"></testcase><testcase classname="plot_mea_pipeline" file="../examples/plot_mea_pipeline.py" line="1" name="Model Error Analysis with scikit-learn Pipeline for the Adult income dataset" time="23.07206416130066"></testcase></testsuite>