<?xml version="1.0" encoding="utf-8"?><testsuite errors="0" failures="0" name="sphinx-gallery" skipped="0" tests="2" time="46.41683316230774"><testcase classname="plot_mea" file="../examples/plot_mea.py" line="1" name="Model Error Analysis for the Boston houses dataset" time="3.7214531898498535"></testcase><testcase classname="plot_mea_pipeline" file="../examples/plot_mea_pipeline.py" line="1" name="Model Error Analysis with scikit-learn Pipeline for the Adult income dataset" time="42.695379972457886"></testcase></testsuite>