<?xml version="1.0" encoding="utf-8"?><testsuite errors="0" failures="0" name="sphinx-gallery" skipped="0" tests="2" time="11.96836805343628"><testcase classname="plot_mealy" file="../examples/plot_mealy.py" line="1" name="Model Error Analysis for the Boston houses dataset" time="2.128164052963257"></testcase><testcase classname="plot_mealy_pipeline" file="../examples/plot_mealy_pipeline.py" line="1" name="Model Error Analysis with scikit-learn Pipeline for the Adult income dataset" time="9.840204000473022"></testcase></testsuite>