<?xml version="1.0" encoding="utf-8"?><testsuite errors="0" failures="0" name="sphinx-gallery" skipped="0" tests="2" time="12.107094287872314"><testcase classname="plot_mealy" file="../examples/plot_mealy.py" line="1" name="Model Error Analysis for the Boston houses dataset" time="2.128920078277588"></testcase><testcase classname="plot_mealy_pipeline" file="../examples/plot_mealy_pipeline.py" line="1" name="Model Error Analysis with scikit-learn Pipeline for the Adult income dataset" time="9.978174209594727"></testcase></testsuite>